<?xml version="1.0" encoding="UTF-8"?>
<!-- Generated by org.testng.reporters.JUnitXMLReporter -->
<testsuite ignored="17" hostname="DESKTOP-T4MFR2V" failures="0" tests="8" name="Test" time="0.262" errors="0" timestamp="22 Dec 2023 06:53:19 GMT">
  <testcase classname="TestNG.TestNG_Batch_Dec_12th.AnnotationsProgram" name="testcase_Tc01" time="0.02"/>
  <testcase classname="TestNG.TestNG_Batch_Dec_12th.AnnotationsProgram" name="testcase_Tc02" time="0.016"/>
  <testcase classname="TestNG.TestNG_Batch_Dec_12th.AnnotationsProgram" name="testcase_Tc03" time="0.006"/>
  <testcase classname="TestNG.TestNG_Batch_Dec_12th.FirstProgram" name="test1" time="0.007"/>
  <testcase classname="TestNG.TestNG_Batch_Dec_12th.FirstProgram" name="test2" time="0.014"/>
  <testcase classname="TestNG.TestNG_Batch_Dec_12th.ProgramTwo" name="loginCredentials" time="0.031"/>
  <testcase classname="TestNG.TestNG_Batch_Dec_12th.ProgramTwo" name="browserLaunch" time="0.01"/>
  <testcase classname="TestNG.TestNG_Batch_Dec_12th.ProgramTwo" name="shutdownApp" time="0.008"/>
  <testcase classname="TestNG.TestNG_Batch_Dec_12th.ProgramTwo" name="loadURL" time="0.0">
    <ignored/>
  </testcase> <!-- loadURL -->
  <testcase classname="TestNG.TestNG_Batch_Dec_12th.AssertionTopics" name="verification" time="0.0">
    <ignored/>
  </testcase> <!-- verification -->
  <testcase classname="TestNG.TestNG_Batch_Dec_12th.SeleniumWithAnnotation" name="test1" time="0.0">
    <ignored/>
  </testcase> <!-- test1 -->
  <testcase classname="TestNG.TestNG_Batch_Dec_12th.ParallelExecution" name="test1" time="0.0">
    <ignored/>
  </testcase> <!-- test1 -->
  <testcase classname="TestNG.TestNG_Batch_Dec_12th.AssertionTopics" name="test1" time="0.0">
    <ignored/>
  </testcase> <!-- test1 -->
  <testcase classname="TestNG.TestNG_Batch_Dec_12th.AssertionTopics" name="test2" time="0.0">
    <ignored/>
  </testcase> <!-- test2 -->
  <testcase classname="TestNG.TestNG_Batch_Dec_12th.AssertionTopics" name="test3" time="0.0">
    <ignored/>
  </testcase> <!-- test3 -->
  <testcase classname="TestNG.TestNG_Batch_Dec_12th.AssertionTopics" name="test4" time="0.0">
    <ignored/>
  </testcase> <!-- test4 -->
  <testcase classname="TestNG.TestNG_Batch_Dec_12th.ProgramTwo" name="submitButton" time="0.0">
    <ignored/>
  </testcase> <!-- submitButton -->
  <testcase classname="TestNG.TestNG_Batch_Dec_12th.MultipleDatas" name="testLogicOne" time="0.0">
    <ignored/>
  </testcase> <!-- testLogicOne -->
  <testcase classname="TestNG.TestNG_Batch_Dec_12th.ParallelExecution" name="test4" time="0.0">
    <ignored/>
  </testcase> <!-- test4 -->
  <testcase classname="TestNG.TestNG_Batch_Dec_12th.SeleniumWithAnnotation" name="test3" time="0.0">
    <ignored/>
  </testcase> <!-- test3 -->
  <testcase classname="TestNG.TestNG_Batch_Dec_12th.ParallelExecution" name="test3" time="0.0">
    <ignored/>
  </testcase> <!-- test3 -->
  <testcase classname="TestNG.TestNG_Batch_Dec_12th.ParallelExecution" name="test5" time="0.0">
    <ignored/>
  </testcase> <!-- test5 -->
  <testcase classname="TestNG.TestNG_Batch_Dec_12th.SeleniumWithAnnotation" name="test2" time="0.0">
    <ignored/>
  </testcase> <!-- test2 -->
  <testcase classname="TestNG.TestNG_Batch_Dec_12th.ProgramTwo" name="verifyHomePage" time="0.0">
    <ignored/>
  </testcase> <!-- verifyHomePage -->
  <testcase classname="TestNG.TestNG_Batch_Dec_12th.ParallelExecution" name="test2" time="0.0">
    <ignored/>
  </testcase> <!-- test2 -->
</testsuite> <!-- Test -->
